<?xml version="1.0" encoding="UTF-8"?>
<testng-results ignored="0" total="1" passed="1" failed="0" skipped="0">
  <reporter-output>
  </reporter-output>
  <suite started-at="2025-03-29T13:47:30 IST" name="Suite_1" finished-at="2025-03-29T13:47:32 IST" duration-ms="1711">
    <groups>
    </groups>
    <test started-at="2025-03-29T13:47:30 IST" name="Test_1" finished-at="2025-03-29T13:47:32 IST" duration-ms="1711">
      <class name="TestCases.Test_1">
        <test-method is-config="true" signature="setUp()[pri:0, instance:TestCases.Test_1@5b239d7d]" started-at="2025-03-29T13:47:28 IST" name="setUp" finished-at="2025-03-29T13:47:30 IST" duration-ms="2669" status="PASS">
          <reporter-output>
          </reporter-output>
        </test-method> <!-- setUp -->
        <test-method signature="setCity()[pri:0, instance:TestCases.Test_1@5b239d7d]" started-at="2025-03-29T13:47:30 IST" name="setCity" finished-at="2025-03-29T13:47:32 IST" duration-ms="1695" status="PASS">
          <reporter-output>
          </reporter-output>
        </test-method> <!-- setCity -->
        <test-method is-config="true" signature="closeSession()[pri:0, instance:TestCases.Test_1@5b239d7d]" started-at="2025-03-29T13:47:32 IST" name="closeSession" finished-at="2025-03-29T13:47:33 IST" duration-ms="1090" status="PASS">
          <reporter-output>
          </reporter-output>
        </test-method> <!-- closeSession -->
      </class> <!-- TestCases.Test_1 -->
    </test> <!-- Test_1 -->
  </suite> <!-- Suite_1 -->
</testng-results>
