<?xml version="1.0" encoding="UTF-8"?>
<testng-results ignored="0" total="1" passed="1" failed="0" skipped="0">
  <reporter-output>
  </reporter-output>
  <suite started-at="2025-03-29T10:31:38 IST" name="Suite_1" finished-at="2025-03-29T10:31:39 IST" duration-ms="1274">
    <groups>
    </groups>
    <test started-at="2025-03-29T10:31:38 IST" name="Test_1" finished-at="2025-03-29T10:31:39 IST" duration-ms="1274">
      <class name="TestCases.Test_1">
        <test-method is-config="true" signature="setUp(java.lang.String,java.lang.String)[pri:0, instance:TestCases.Test_1@4f18837a]" started-at="2025-03-29T10:31:33 IST" name="setUp" finished-at="2025-03-29T10:31:38 IST" duration-ms="4182" status="PASS">
          <params>
            <param index="0">
              <value>
                <![CDATA[windows]]>
              </value>
            </param>
            <param index="1">
              <value>
                <![CDATA[chrome]]>
              </value>
            </param>
          </params>
          <reporter-output>
          </reporter-output>
        </test-method> <!-- setUp -->
        <test-method signature="setCity()[pri:0, instance:TestCases.Test_1@4f18837a]" started-at="2025-03-29T10:31:38 IST" name="setCity" finished-at="2025-03-29T10:31:39 IST" duration-ms="1263" status="PASS">
          <reporter-output>
          </reporter-output>
        </test-method> <!-- setCity -->
        <test-method is-config="true" signature="closeSession()[pri:0, instance:TestCases.Test_1@4f18837a]" started-at="2025-03-29T10:31:39 IST" name="closeSession" finished-at="2025-03-29T10:31:39 IST" duration-ms="114" status="PASS">
          <reporter-output>
          </reporter-output>
        </test-method> <!-- closeSession -->
      </class> <!-- TestCases.Test_1 -->
    </test> <!-- Test_1 -->
  </suite> <!-- Suite_1 -->
</testng-results>
